\BOOKMARK [-1][-]{part.1}{Exodus}{}% 1
\BOOKMARK [0][-]{chapter.1}{Starting Fresh}{part.1}% 2
\BOOKMARK [0][-]{chapter.2}{Not-So-Friendly neighbourhood entity}{part.1}% 3
\BOOKMARK [0][-]{chapter.3}{Etheric Revenant}{part.1}% 4
\BOOKMARK [0][-]{chapter.4}{D\346mons Rise}{part.1}% 5
\BOOKMARK [0][-]{chapter.5}{Corporate Zombies}{part.1}% 6
\BOOKMARK [0][-]{chapter.6}{Ooh Rah}{part.1}% 7
\BOOKMARK [0][-]{chapter.7}{Major League}{part.1}% 8
\BOOKMARK [0][-]{chapter.8}{Sing Sing of Desire}{part.1}% 9
\BOOKMARK [0][-]{chapter.9}{I Brutally Love You}{part.1}% 10
\BOOKMARK [0][-]{chapter.10}{The devil went down to Georgia}{part.1}% 11
\BOOKMARK [0][-]{chapter.11}{A rose among the thorns}{part.1}% 12
\BOOKMARK [0][-]{chapter.12}{Homecoming Queen}{part.1}% 13
\BOOKMARK [0][-]{chapter.13}{Even Steven}{part.1}% 14
\BOOKMARK [-1][-]{part.2}{Starting Over}{}% 15
\BOOKMARK [0][-]{chapter.14}{Return in Glory}{part.2}% 16
\BOOKMARK [0][-]{chapter.15}{Chapter 15}{part.2}% 17
\BOOKMARK [0][-]{chapter.16}{Chapter 16}{part.2}% 18
\BOOKMARK [0][-]{chapter.17}{Chapter 17}{part.2}% 19
\BOOKMARK [0][-]{chapter.18}{Chapter 18}{part.2}% 20
\BOOKMARK [0][-]{chapter.19}{Chapter 19}{part.2}% 21
\BOOKMARK [0][-]{chapter.20}{Chapter 20}{part.2}% 22
\BOOKMARK [0][-]{chapter.21}{Legal Licence}{part.2}% 23
